<?xml version="1.0" encoding="UTF-8"?>
<testng-results ignored="0" total="1" passed="1" failed="0" skipped="0">
  <reporter-output>
  </reporter-output>
  <suite started-at="2024-05-01T17:50:36 IST" name="Default suite" finished-at="2024-05-01T17:50:36 IST" duration-ms="47">
    <groups>
    </groups>
    <test started-at="2024-05-01T17:50:36 IST" name="Default test" finished-at="2024-05-01T17:50:36 IST" duration-ms="47">
      <class name="maven1.project1.one">
        <test-method signature="method1()[pri:0, instance:maven1.project1.one@5b03b9fe]" started-at="2024-05-01T17:50:36 IST" name="method1" finished-at="2024-05-01T17:50:36 IST" duration-ms="7" status="PASS">
          <reporter-output>
          </reporter-output>
        </test-method> <!-- method1 -->
      </class> <!-- maven1.project1.one -->
    </test> <!-- Default test -->
  </suite> <!-- Default suite -->
</testng-results>
