<?xml version="1.0" encoding="UTF-8"?>
<testng-results ignored="0" total="2" passed="2" failed="0" skipped="0">
  <reporter-output>
  </reporter-output>
  <suite started-at="2024-05-08T22:15:12 IST" name="Default suite" finished-at="2024-05-08T22:15:12 IST" duration-ms="41">
    <groups>
    </groups>
    <test started-at="2024-05-08T22:15:12 IST" name="Default test" finished-at="2024-05-08T22:15:12 IST" duration-ms="41">
      <class name="package1.Testngannotation">
        <test-method is-config="true" signature="testcase6()[pri:0, instance:package1.Testngannotation@609e8838]" started-at="2024-05-08T22:15:12 IST" name="testcase6" finished-at="2024-05-08T22:15:12 IST" duration-ms="9" status="PASS">
          <reporter-output>
          </reporter-output>
        </test-method> <!-- testcase6 -->
        <test-method is-config="true" signature="testcase7()[pri:0, instance:package1.Testngannotation@609e8838]" started-at="2024-05-08T22:15:12 IST" name="testcase7" finished-at="2024-05-08T22:15:12 IST" duration-ms="0" status="PASS">
          <reporter-output>
          </reporter-output>
        </test-method> <!-- testcase7 -->
        <test-method is-config="true" signature="testcase3()[pri:0, instance:package1.Testngannotation@609e8838]" started-at="2024-05-08T22:15:12 IST" name="testcase3" finished-at="2024-05-08T22:15:12 IST" duration-ms="0" status="PASS">
          <reporter-output>
          </reporter-output>
        </test-method> <!-- testcase3 -->
        <test-method signature="testcase1()[pri:0, instance:package1.Testngannotation@609e8838]" started-at="2024-05-08T22:15:12 IST" name="testcase1" finished-at="2024-05-08T22:15:12 IST" duration-ms="4" status="PASS">
          <reporter-output>
          </reporter-output>
        </test-method> <!-- testcase1 -->
        <test-method is-config="true" signature="testcase5()[pri:0, instance:package1.Testngannotation@609e8838]" started-at="2024-05-08T22:15:12 IST" name="testcase5" finished-at="2024-05-08T22:15:12 IST" duration-ms="0" status="PASS">
          <reporter-output>
          </reporter-output>
        </test-method> <!-- testcase5 -->
        <test-method signature="testcase2()[pri:0, instance:package1.Testngannotation@609e8838]" started-at="2024-05-08T22:15:12 IST" name="testcase2" finished-at="2024-05-08T22:15:12 IST" duration-ms="1" status="PASS">
          <reporter-output>
          </reporter-output>
        </test-method> <!-- testcase2 -->
        <test-method is-config="true" signature="testcase3()[pri:0, instance:package1.Testngannotation@609e8838]" started-at="2024-05-08T22:15:12 IST" name="testcase3" finished-at="2024-05-08T22:15:12 IST" duration-ms="0" status="PASS">
          <reporter-output>
          </reporter-output>
        </test-method> <!-- testcase3 -->
        <test-method is-config="true" signature="testcase5()[pri:0, instance:package1.Testngannotation@609e8838]" started-at="2024-05-08T22:15:12 IST" name="testcase5" finished-at="2024-05-08T22:15:12 IST" duration-ms="1" status="PASS">
          <reporter-output>
          </reporter-output>
        </test-method> <!-- testcase5 -->
        <test-method is-config="true" signature="testcase8()[pri:0, instance:package1.Testngannotation@609e8838]" started-at="2024-05-08T22:15:12 IST" name="testcase8" finished-at="2024-05-08T22:15:12 IST" duration-ms="1" status="PASS">
          <reporter-output>
          </reporter-output>
        </test-method> <!-- testcase8 -->
      </class> <!-- package1.Testngannotation -->
    </test> <!-- Default test -->
  </suite> <!-- Default suite -->
</testng-results>
