<?xml version="1.0" encoding="UTF-8"?>
<testng-results ignored="0" total="1" passed="1" failed="0" skipped="0">
  <reporter-output>
  </reporter-output>
  <suite started-at="2024-05-04T23:25:10 IST" name="Default suite" finished-at="2024-05-04T23:25:10 IST" duration-ms="32">
    <groups>
    </groups>
    <test started-at="2024-05-04T23:25:10 IST" name="Default test" finished-at="2024-05-04T23:25:10 IST" duration-ms="32">
      <class name="TestCasess.TestCase1">
        <test-method is-config="true" signature="BS()[pri:0, instance:TestCasess.TestCase1@2a54a73f]" started-at="2024-05-04T23:25:10 IST" name="BS" finished-at="2024-05-04T23:25:10 IST" duration-ms="6" status="PASS">
          <reporter-output>
          </reporter-output>
        </test-method> <!-- BS -->
        <test-method is-config="true" signature="BT()[pri:0, instance:TestCasess.TestCase1@2a54a73f]" started-at="2024-05-04T23:25:10 IST" name="BT" finished-at="2024-05-04T23:25:10 IST" duration-ms="1" status="PASS">
          <reporter-output>
          </reporter-output>
        </test-method> <!-- BT -->
        <test-method is-config="true" signature="BC()[pri:0, instance:TestCasess.TestCase1@2a54a73f]" started-at="2024-05-04T23:25:10 IST" name="BC" finished-at="2024-05-04T23:25:10 IST" duration-ms="1" status="PASS">
          <reporter-output>
          </reporter-output>
        </test-method> <!-- BC -->
        <test-method signature="test()[pri:0, instance:TestCasess.TestCase1@2a54a73f]" started-at="2024-05-04T23:25:10 IST" name="test" finished-at="2024-05-04T23:25:10 IST" duration-ms="4" status="PASS">
          <reporter-output>
          </reporter-output>
        </test-method> <!-- test -->
        <test-method is-config="true" signature="BM()[pri:0, instance:TestCasess.TestCase1@2a54a73f]" started-at="2024-05-04T23:25:10 IST" name="BM" finished-at="2024-05-04T23:25:10 IST" duration-ms="0" status="PASS">
          <reporter-output>
          </reporter-output>
        </test-method> <!-- BM -->
        <test-method is-config="true" signature="AM()[pri:0, instance:TestCasess.TestCase1@2a54a73f]" started-at="2024-05-04T23:25:10 IST" name="AM" finished-at="2024-05-04T23:25:10 IST" duration-ms="0" status="PASS">
          <reporter-output>
          </reporter-output>
        </test-method> <!-- AM -->
        <test-method is-config="true" signature="AC()[pri:0, instance:TestCasess.TestCase1@2a54a73f]" started-at="2024-05-04T23:25:10 IST" name="AC" finished-at="2024-05-04T23:25:10 IST" duration-ms="0" status="PASS">
          <reporter-output>
          </reporter-output>
        </test-method> <!-- AC -->
        <test-method is-config="true" signature="AT()[pri:0, instance:TestCasess.TestCase1@2a54a73f]" started-at="2024-05-04T23:25:10 IST" name="AT" finished-at="2024-05-04T23:25:10 IST" duration-ms="0" status="PASS">
          <reporter-output>
          </reporter-output>
        </test-method> <!-- AT -->
      </class> <!-- TestCasess.TestCase1 -->
    </test> <!-- Default test -->
  </suite> <!-- Default suite -->
</testng-results>
